<?xml version="1.0" encoding="UTF-8"?>
<testng-results skipped="0" failed="0" total="1" passed="1">
  <reporter-output>
  </reporter-output>
  <suite name="Suite" duration-ms="77291" started-at="2017-10-06T10:06:27Z" finished-at="2017-10-06T10:07:45Z">
    <groups>
    </groups>
    <test name="Test" duration-ms="77291" started-at="2017-10-06T10:06:27Z" finished-at="2017-10-06T10:07:45Z">
      <class name="CounterWebApp.CounterWebApp.AppTest">
        <test-method status="PASS" signature="verifylaunchpage()[pri:0, instance:CounterWebApp.CounterWebApp.AppTest@29ee9faa]" name="verifylaunchpage" duration-ms="77278" started-at="2017-10-06T15:36:28Z" finished-at="2017-10-06T15:37:45Z">
          <reporter-output>
          </reporter-output>
        </test-method> <!-- verifylaunchpage -->
      </class> <!-- CounterWebApp.CounterWebApp.AppTest -->
    </test> <!-- Test -->
  </suite> <!-- Suite -->
</testng-results>
