<?xml version="1.0" encoding="UTF-8"?>
<testng-results skipped="0" failed="0" total="1" passed="1">
  <reporter-output>
  </reporter-output>
  <suite name="Suite" duration-ms="34558" started-at="2017-12-08T09:52:47Z" finished-at="2017-12-08T09:53:22Z">
    <groups>
    </groups>
    <test name="Test" duration-ms="34558" started-at="2017-12-08T09:52:47Z" finished-at="2017-12-08T09:53:22Z">
      <class name="hrmsdp.testscripts.verifylaunchpage">
        <test-method status="PASS" signature="startReport()[pri:0, instance:hrmsdp.testscripts.verifylaunchpage@77caeb3e]" name="startReport" is-config="true" duration-ms="836" started-at="2017-12-08T15:22:46Z" finished-at="2017-12-08T15:22:47Z">
          <reporter-output>
          </reporter-output>
        </test-method> <!-- startReport -->
        <test-method status="PASS" signature="verifylaunchpage(java.lang.String, java.lang.String)[pri:0, instance:hrmsdp.testscripts.verifylaunchpage@77caeb3e]" name="verifylaunchpage" duration-ms="34514" started-at="2017-12-08T15:22:47Z" finished-at="2017-12-08T15:23:22Z">
          <params>
            <param index="0">
              <value>
                <![CDATA[chrome]]>
              </value>
            </param>
            <param index="1">
              <value>
                <![CDATA[Dev]]>
              </value>
            </param>
          </params>
          <reporter-output>
          </reporter-output>
        </test-method> <!-- verifylaunchpage -->
        <test-method status="PASS" signature="getResult(org.testng.ITestResult)[pri:0, instance:hrmsdp.testscripts.verifylaunchpage@77caeb3e]" name="getResult" is-config="true" duration-ms="2" started-at="2017-12-08T15:23:22Z" finished-at="2017-12-08T15:23:22Z">
          <params>
            <param index="0">
              <value>
                <![CDATA[[TestResult name=verifylaunchpage status=SUCCESS method=verifylaunchpage.verifylaunchpage(java.lang.String, java.lang.String)[pri:0, instance:hrmsdp.testscripts.verifylaunchpage@77caeb3e] output={null}]]]>
              </value>
            </param>
          </params>
          <reporter-output>
          </reporter-output>
        </test-method> <!-- getResult -->
        <test-method status="PASS" signature="endReport()[pri:0, instance:hrmsdp.testscripts.verifylaunchpage@77caeb3e]" name="endReport" is-config="true" duration-ms="382" started-at="2017-12-08T15:23:22Z" finished-at="2017-12-08T15:23:22Z">
          <reporter-output>
          </reporter-output>
        </test-method> <!-- endReport -->
      </class> <!-- hrmsdp.testscripts.verifylaunchpage -->
    </test> <!-- Test -->
  </suite> <!-- Suite -->
</testng-results>
